<?xml version="1.0" encoding="UTF-8"?>
<!-- Generated by org.testng.reporters.JUnitReportReporter -->
<testsuite hostname="PC-20180918EPWD" name="hu.hello" tests="1" failures="0" timestamp="14 Mar 2019 01:12:42 GMT" time="0.242" errors="0">
  <testcase name="login" time="0.242" classname="hu.hello"/>
</testsuite> <!-- hu.hello -->
